{"level":"error","message":"Error in user registeration Operation `users.findOne()` buffering timed out after 10000ms","service":"auth-service","timestamp":"2025-02-23 19:15:36"}
{"level":"error","message":"Error in user registeration Operation `users.findOne()` buffering timed out after 10000ms","service":"auth-service","timestamp":"2025-02-23 19:49:14"}
{"level":"error","message":"Error in user registeration Operation `users.findOne()` buffering timed out after 10000ms","service":"auth-service","timestamp":"2025-02-23 19:50:45"}
{"0":"r","1":"e","2":"a","3":"s","4":"o","5":"n","6":":","7":" ","code":"ERR_HTTP_HEADERS_SENT","level":"error","message":"Unhandled Rejectio at","service":"auth-service","timestamp":"2025-02-23 21:49:22"}
{"0":"r","1":"e","2":"a","3":"s","4":"o","5":"n","6":":","7":" ","code":"ERR_HTTP_HEADERS_SENT","level":"error","message":"Unhandled Rejectio at","service":"auth-service","timestamp":"2025-02-23 21:50:21"}
{"level":"error","message":"Error in refresh AccessToken Cannot access 'refreshToken' before initialization","service":"auth-service","timestamp":"2025-02-23 21:58:23"}
{"level":"error","message":"Error in refresh AccessToken Cannot access 'refreshToken' before initialization","service":"auth-service","timestamp":"2025-02-23 21:59:10"}
{"level":"error","message":"Error in refresh AccessToken Cannot access 'refreshToken' before initialization","service":"auth-service","timestamp":"2025-02-23 21:59:38"}
{"level":"error","message":"Error in refresh AccessToken Cannot access 'refreshToken' before initialization","service":"auth-service","timestamp":"2025-02-23 22:00:14"}
{"level":"error","message":"Error in refresh AccessToken Cannot access 'refreshToken' before initialization","service":"auth-service","timestamp":"2025-02-23 22:00:58"}
{"level":"error","message":"Error in refresh AccessToken Cannot access 'refreshToken' before initialization","service":"auth-service","timestamp":"2025-02-23 22:01:16"}
{"level":"error","message":"Error in refresh AccessToken Cannot access 'refreshToken' before initialization","service":"auth-service","timestamp":"2025-02-23 22:01:24"}
{"level":"error","message":"Error in refresh AccessToken Cannot access 'refreshToken' before initialization","service":"auth-service","timestamp":"2025-02-23 22:03:04"}
{"level":"error","message":"Error in refresh AccessToken Cannot access 'refreshToken' before initialization","service":"auth-service","timestamp":"2025-02-23 22:03:44"}
{"0":"r","1":"e","2":"a","3":"s","4":"o","5":"n","6":":","7":" ","code":"ERR_HTTP_HEADERS_SENT","level":"error","message":"Unhandled Rejectio at","service":"auth-service","timestamp":"2025-02-23 22:04:42"}
{"level":"error","message":"Error while logout secret or public key must be provided","service":"auth-service","timestamp":"2025-03-17 13:54:11"}
{"level":"error","message":"Error while logout secret or public key must be provided","service":"auth-service","timestamp":"2025-03-30 19:04:44"}
{"level":"error","message":"Error while logout secret or public key must be provided","service":"auth-service","timestamp":"2025-03-30 19:04:47"}
{"level":"error","message":"Error while logout secret or public key must be provided","service":"auth-service","timestamp":"2025-03-30 19:06:30"}
{"level":"error","message":"Error while logout secret or public key must be provided","service":"auth-service","timestamp":"2025-03-30 19:08:31"}
{"level":"error","message":"Error while logout secret or public key must be provided","service":"auth-service","timestamp":"2025-03-30 19:08:40"}
{"level":"error","message":"Error while logout secret or public key must be provided","service":"auth-service","timestamp":"2025-03-30 19:10:02"}
{"level":"error","message":"Error while logout secret or public key must be provided","service":"auth-service","timestamp":"2025-03-30 19:10:49"}
{"level":"error","message":"Error while logout secret or public key must be provided","service":"auth-service","timestamp":"2025-03-30 19:10:52"}
{"level":"error","message":"Error while logout secret or public key must be provided","service":"auth-service","timestamp":"2025-03-30 19:10:55"}
{"level":"error","message":"Error while logout secret or public key must be provided","service":"auth-service","timestamp":"2025-03-30 19:10:56"}
{"level":"error","message":"Error while logout secret or public key must be provided","service":"auth-service","timestamp":"2025-03-30 19:12:49"}
{"level":"error","message":"Unhandled Rejectio at [object Promise] reason: Error [ERR_HTTP_HEADERS_SENT]: Cannot set headers after they are sent to the client","service":"auth-service","timestamp":"2025-03-30 19:14:20"}
{"level":"error","message":"Unhandled Rejectio at [object Promise] reason: Error [ERR_HTTP_HEADERS_SENT]: Cannot set headers after they are sent to the client","service":"auth-service","timestamp":"2025-03-30 19:14:55"}
{"level":"error","message":"Error in refresh AccessToken secret or public key must be provided","service":"auth-service","timestamp":"2025-03-30 20:38:42"}
{"level":"error","message":"Error in refresh AccessToken secret or public key must be provided","service":"auth-service","timestamp":"2025-03-30 20:38:42"}
{"level":"error","message":"Error in refresh AccessToken secret or public key must be provided","service":"auth-service","timestamp":"2025-03-30 20:39:17"}
{"level":"error","message":"Error in refresh AccessToken secret or public key must be provided","service":"auth-service","timestamp":"2025-03-30 20:39:17"}
{"level":"error","message":"Password not matched","service":"auth-service","timestamp":"2025-03-31 10:32:44"}
{"level":"error","message":"Password not matched","service":"auth-service","timestamp":"2025-03-31 10:33:14"}
{"level":"error","message":"Password not matched","service":"auth-service","timestamp":"2025-03-31 10:35:38"}
{"level":"error","message":"Password not matched","service":"auth-service","timestamp":"2025-03-31 10:36:37"}
{"level":"error","message":"Password not matched","service":"auth-service","timestamp":"2025-03-31 10:37:57"}
{"level":"error","message":"user not found","service":"auth-service","timestamp":"2025-03-31 10:38:13"}
{"level":"error","message":"Password not matched","service":"auth-service","timestamp":"2025-03-31 10:40:50"}
{"level":"error","message":"user not found","service":"auth-service","timestamp":"2025-03-31 11:07:29"}
{"level":"error","message":"Error in refresh AccessToken read ECONNRESET","service":"auth-service","timestamp":"2025-03-31 13:17:15"}
{"level":"error","message":"Error in refresh AccessToken getaddrinfo ENOTFOUND ac-g1yueag-shard-00-02.is5nucp.mongodb.net","service":"auth-service","timestamp":"2025-03-31 13:17:45"}
{"level":"error","message":"Error in user registeration connection <monitor> to 159.41.188.76:27017 closed","service":"auth-service","timestamp":"2025-03-31 14:15:30"}
{"level":"error","message":"Error in user registeration connection <monitor> to 159.41.188.76:27017 closed","service":"auth-service","timestamp":"2025-03-31 14:16:23"}
{"level":"error","message":"Error in refresh AccessToken getaddrinfo ENOTFOUND ac-g1yueag-shard-00-00.is5nucp.mongodb.net","service":"auth-service","timestamp":"2025-03-31 14:56:24"}
{"level":"error","message":"Error in refresh AccessToken getaddrinfo ENOTFOUND ac-g1yueag-shard-00-00.is5nucp.mongodb.net","service":"auth-service","timestamp":"2025-03-31 14:56:24"}
{"level":"error","message":"Error in refresh AccessToken getaddrinfo ENOTFOUND ac-g1yueag-shard-00-00.is5nucp.mongodb.net","service":"auth-service","timestamp":"2025-03-31 14:57:12"}
{"level":"error","message":"Error in refresh AccessToken getaddrinfo ENOTFOUND ac-g1yueag-shard-00-00.is5nucp.mongodb.net","service":"auth-service","timestamp":"2025-03-31 14:57:12"}
{"level":"error","message":"Password not matched","service":"auth-service","timestamp":"2025-03-31 20:16:51"}
{"level":"error","message":"Error in refresh AccessToken getaddrinfo ENOTFOUND ac-g1yueag-shard-00-00.is5nucp.mongodb.net","service":"auth-service","timestamp":"2025-03-31 21:07:32"}
{"level":"error","message":"Error in refresh AccessToken getaddrinfo ENOTFOUND ac-g1yueag-shard-00-00.is5nucp.mongodb.net","service":"auth-service","timestamp":"2025-03-31 21:07:34"}
{"level":"error","message":"Error in refresh AccessToken getaddrinfo ENOTFOUND ac-g1yueag-shard-00-00.is5nucp.mongodb.net","service":"auth-service","timestamp":"2025-03-31 21:07:54"}
{"level":"error","message":"Error in refresh AccessToken getaddrinfo ENOTFOUND ac-g1yueag-shard-00-02.is5nucp.mongodb.net","service":"auth-service","timestamp":"2025-04-01 16:06:18"}
{"level":"error","message":"Something  went wrong while connecting to RabbitMQ and starting or server.","service":"auth-service","timestamp":"2025-04-02 15:33:56"}
{"level":"error","message":"Something  went wrong while connecting to RabbitMQ and starting or server.","service":"auth-service","timestamp":"2025-04-02 15:33:59"}
{"level":"error","message":"Something  went wrong while connecting to RabbitMQ and starting or server.","service":"auth-service","timestamp":"2025-04-02 15:35:14"}
{"level":"error","message":"Something  went wrong while connecting to RabbitMQ and starting or server.","service":"auth-service","timestamp":"2025-04-02 15:36:22"}
{"level":"error","message":"Something  went wrong while connecting to RabbitMQ and starting or server.","service":"auth-service","timestamp":"2025-04-02 15:37:22"}
{"level":"error","message":"Something  went wrong while connecting to RabbitMQ and starting or server.","service":"auth-service","timestamp":"2025-04-02 15:37:25"}
{"level":"error","message":"Something  went wrong while connecting to RabbitMQ and starting or server.","service":"auth-service","timestamp":"2025-04-02 15:37:27"}
{"level":"error","message":"Something  went wrong while connecting to RabbitMQ and starting or server.","service":"auth-service","timestamp":"2025-04-02 15:38:02"}
{"level":"error","message":"Something  went wrong while connecting to RabbitMQ and starting or server.","service":"auth-service","timestamp":"2025-04-02 15:38:38"}
{"level":"error","message":"Something  went wrong while connecting to RabbitMQ and starting or server.","service":"auth-service","timestamp":"2025-04-02 15:38:41"}
{"level":"error","message":"Something  went wrong while connecting to RabbitMQ and starting or server.","service":"auth-service","timestamp":"2025-04-02 15:39:04"}
{"level":"error","message":"Something  went wrong while connecting to RabbitMQ and starting or server.","service":"auth-service","timestamp":"2025-04-02 15:39:24"}
{"level":"error","message":"Something  went wrong while connecting to RabbitMQ and starting or server.","service":"auth-service","timestamp":"2025-04-02 15:39:28"}
{"level":"error","message":"Something  went wrong while connecting to RabbitMQ and starting or server.","service":"auth-service","timestamp":"2025-04-02 15:39:44"}
{"level":"error","message":"Something  went wrong while connecting to RabbitMQ and starting or server.","service":"auth-service","timestamp":"2025-04-02 15:39:46"}
{"level":"error","message":"Something  went wrong while connecting to RabbitMQ and starting or server.","service":"auth-service","timestamp":"2025-04-02 15:39:58"}
{"level":"error","message":"Something  went wrong while connecting to RabbitMQ and starting or server.","service":"auth-service","timestamp":"2025-04-02 15:40:06"}
{"level":"error","message":"Something  went wrong while connecting to RabbitMQ and starting or server.","service":"auth-service","timestamp":"2025-04-02 15:40:08"}
{"level":"error","message":"Something  went wrong while connecting to RabbitMQ and starting or server.","service":"auth-service","timestamp":"2025-04-02 15:40:16"}
{"level":"error","message":"Something  went wrong while connecting to RabbitMQ and starting or server.","service":"auth-service","timestamp":"2025-04-02 15:40:49"}
{"level":"error","message":"Something  went wrong while connecting to RabbitMQ and starting or server.","service":"auth-service","timestamp":"2025-04-02 15:54:29"}
{"level":"error","message":"Something  went wrong while connecting to RabbitMQ and starting or server.","service":"auth-service","timestamp":"2025-04-02 15:55:36"}
{"level":"error","message":"Something  went wrong while connecting to RabbitMQ and starting or server.","service":"auth-service","timestamp":"2025-04-02 15:56:44"}
{"level":"error","message":"Something  went wrong while connecting to RabbitMQ and starting or server.","service":"auth-service","timestamp":"2025-04-02 15:58:16"}
{"level":"error","message":"Something went wrong while handle event Cannot read properties of undefined (reading 'push')","service":"auth-service","timestamp":"2025-04-02 16:02:41"}
{"level":"error","message":"Mongo connection error Error: querySrv ECONNREFUSED _mongodb._tcp.cluster0.is5nucp.mongodb.net","service":"auth-service","timestamp":"2025-04-05 09:54:06"}
{"level":"error","message":"Error in refresh AccessToken getaddrinfo ENOTFOUND ac-g1yueag-shard-00-02.is5nucp.mongodb.net","service":"auth-service","timestamp":"2025-04-05 11:25:14"}
{"level":"error","message":"Error in refresh AccessToken getaddrinfo ENOTFOUND ac-g1yueag-shard-00-02.is5nucp.mongodb.net","service":"auth-service","timestamp":"2025-04-05 11:25:36"}
{"level":"error","message":"Error in refresh AccessToken getaddrinfo ENOTFOUND ac-g1yueag-shard-00-02.is5nucp.mongodb.net","service":"auth-service","timestamp":"2025-04-05 11:25:37"}
{"level":"error","message":"Error in refresh AccessToken getaddrinfo ENOTFOUND ac-g1yueag-shard-00-02.is5nucp.mongodb.net","service":"auth-service","timestamp":"2025-04-05 11:25:50"}
{"level":"error","message":"Error in refresh AccessToken getaddrinfo ENOTFOUND ac-g1yueag-shard-00-02.is5nucp.mongodb.net","service":"auth-service","timestamp":"2025-04-05 11:26:16"}
{"level":"error","message":"Error in refresh AccessToken read ECONNRESET","service":"auth-service","timestamp":"2025-04-05 11:27:40"}
{"level":"error","message":"Mongo connection error Error: querySrv ECONNREFUSED _mongodb._tcp.cluster0.is5nucp.mongodb.net","service":"auth-service","timestamp":"2025-04-06 11:34:45"}
{"level":"error","message":"Mongo connection error Error: querySrv ECONNREFUSED _mongodb._tcp.cluster0.is5nucp.mongodb.net","service":"auth-service","timestamp":"2025-04-07 14:47:40"}
{"level":"error","message":"Mongo connection error Error: querySrv ECONNREFUSED _mongodb._tcp.cluster0.is5nucp.mongodb.net","service":"auth-service","timestamp":"2025-04-07 14:48:06"}
{"level":"error","message":"Mongo connection error Error: querySrv ECONNREFUSED _mongodb._tcp.cluster0.is5nucp.mongodb.net","service":"auth-service","timestamp":"2025-04-07 14:48:29"}
{"level":"error","message":"Error in refresh AccessToken Operation `users.findOne()` buffering timed out after 10000ms","service":"auth-service","timestamp":"2025-04-07 14:48:40"}
{"level":"error","message":"Error in refresh AccessToken Operation `users.findOne()` buffering timed out after 10000ms","service":"auth-service","timestamp":"2025-04-07 14:48:51"}
{"level":"error","message":"Error in refresh AccessToken Operation `users.findOne()` buffering timed out after 10000ms","service":"auth-service","timestamp":"2025-04-07 14:49:03"}
{"level":"error","message":"Unhandled Rejectio at [object Promise] reason: TypeError [ERR_INVALID_ARG_TYPE]: The \"path\" argument must be of type string or an instance of Buffer or URL. Received an instance of Object","service":"auth-service","timestamp":"2025-04-07 15:01:29"}
{"level":"error","message":"Unhandled Rejectio at [object Promise] reason: TypeError [ERR_INVALID_ARG_TYPE]: The \"path\" argument must be of type string or an instance of Buffer or URL. Received an instance of Object","service":"auth-service","timestamp":"2025-04-07 15:02:53"}
{"level":"error","message":"Unhandled Rejectio at [object Promise] reason: TypeError [ERR_INVALID_ARG_TYPE]: The \"path\" argument must be of type string or an instance of Buffer or URL. Received an instance of Object","service":"auth-service","timestamp":"2025-04-07 15:03:49"}
{"level":"error","message":"Unhandled Rejectio at [object Promise] reason: TypeError [ERR_INVALID_ARG_TYPE]: The \"path\" argument must be of type string or an instance of Buffer or URL. Received an instance of Object","service":"auth-service","timestamp":"2025-04-07 15:04:23"}
{"level":"error","message":"Unhandled Rejectio at [object Promise] reason: TypeError [ERR_INVALID_ARG_TYPE]: The \"path\" argument must be of type string or an instance of Buffer or URL. Received an instance of Object","service":"auth-service","timestamp":"2025-04-07 15:06:11"}
{"level":"error","message":"Unhandled Rejectio at [object Promise] reason: TypeError [ERR_INVALID_ARG_TYPE]: The \"path\" argument must be of type string or an instance of Buffer or URL. Received an instance of Object","service":"auth-service","timestamp":"2025-04-07 15:06:29"}
{"level":"error","message":"Error in refresh AccessToken read ECONNRESET","service":"auth-service","timestamp":"2025-04-07 15:08:38"}
{"level":"error","message":"Unhandled Rejectio at [object Promise] reason: TypeError [ERR_INVALID_ARG_TYPE]: The \"path\" argument must be of type string or an instance of Buffer or URL. Received an instance of Object","service":"auth-service","timestamp":"2025-04-07 15:09:08"}
{"level":"error","message":"Unhandled Rejectio at [object Promise] reason: TypeError [ERR_INVALID_ARG_TYPE]: The \"path\" argument must be of type string or an instance of Buffer or URL. Received an instance of Object","service":"auth-service","timestamp":"2025-04-07 15:10:52"}
{"level":"error","message":"Unhandled Rejectio at [object Promise] reason: TypeError: Cannot read properties of undefined (reading 'userId')","service":"auth-service","timestamp":"2025-04-07 15:12:41"}
{"level":"error","message":"Mongo connection error Error: querySrv EREFUSED _mongodb._tcp.cluster0.is5nucp.mongodb.net","service":"auth-service","timestamp":"2025-04-07 15:16:28"}
{"level":"error","message":"Mongo connection error Error: querySrv EREFUSED _mongodb._tcp.cluster0.is5nucp.mongodb.net","service":"auth-service","timestamp":"2025-04-07 15:16:31"}
{"level":"error","message":"Error in refresh AccessToken getaddrinfo ENOTFOUND ac-g1yueag-shard-00-02.is5nucp.mongodb.net","service":"auth-service","timestamp":"2025-04-07 17:40:47"}
{"level":"error","message":"Error in refresh AccessToken getaddrinfo ENOTFOUND ac-g1yueag-shard-00-01.is5nucp.mongodb.net","service":"auth-service","timestamp":"2025-04-08 15:38:49"}
