{"level":"info","message":"Connected to rabbitmq","service":"post management service","timestamp":"2025-03-16 13:29:59"}
{"level":"error","message":"Mongo connection error MongoParseError: Invalid scheme, expected connection string to start with \"mongodb://\" or \"mongodb+srv://\"","service":"post management service","timestamp":"2025-03-16 13:29:59"}
{"level":"info","message":"Subscribed to event : new.post","service":"post management service","timestamp":"2025-03-16 13:29:59"}
{"level":"info","message":"Post search service is running on port 3002","service":"post management service","timestamp":"2025-03-16 13:29:59"}
{"level":"info","message":"Connected to rabbitmq","service":"post management service","timestamp":"2025-03-16 13:30:49"}
{"level":"info","message":"Subscribed to event : new.post","service":"post management service","timestamp":"2025-03-16 13:30:49"}
{"level":"info","message":"Post search service is running on port 3003","service":"post management service","timestamp":"2025-03-16 13:30:49"}
{"level":"info","message":"Connected to MangooDB","service":"post management service","timestamp":"2025-03-16 13:30:50"}
{"level":"info","message":"Connected to rabbitmq","service":"post management service","timestamp":"2025-03-16 13:35:49"}
{"level":"info","message":"Subscribed to event : new.post","service":"post management service","timestamp":"2025-03-16 13:35:49"}
{"level":"info","message":"Post search service is running on port 3003","service":"post management service","timestamp":"2025-03-16 13:35:49"}
{"level":"info","message":"Connected to MangooDB","service":"post management service","timestamp":"2025-03-16 13:35:49"}
{"level":"info","message":"Connected to rabbitmq","service":"post management service","timestamp":"2025-03-16 13:35:55"}
{"level":"info","message":"Subscribed to event : new.post","service":"post management service","timestamp":"2025-03-16 13:35:55"}
{"level":"info","message":"Post search service is running on port 3003","service":"post management service","timestamp":"2025-03-16 13:35:55"}
{"level":"info","message":"Connected to MangooDB","service":"post management service","timestamp":"2025-03-16 13:35:56"}
{"level":"info","message":"Connected to rabbitmq","service":"post management service","timestamp":"2025-03-16 13:36:03"}
{"level":"info","message":"Subscribed to event : new.post","service":"post management service","timestamp":"2025-03-16 13:36:03"}
{"level":"info","message":"Post search service is running on port 3003","service":"post management service","timestamp":"2025-03-16 13:36:03"}
{"level":"info","message":"Connected to MangooDB","service":"post management service","timestamp":"2025-03-16 13:36:04"}
{"level":"info","message":"Connected to rabbitmq","service":"post management service","timestamp":"2025-03-16 13:36:06"}
{"level":"info","message":"Subscribed to event : new.post","service":"post management service","timestamp":"2025-03-16 13:36:06"}
{"level":"info","message":"Post search service is running on port 3003","service":"post management service","timestamp":"2025-03-16 13:36:06"}
{"level":"info","message":"Connected to MangooDB","service":"post management service","timestamp":"2025-03-16 13:36:06"}
{"level":"info","message":"Connected to rabbitmq","service":"post management service","timestamp":"2025-03-16 13:40:26"}
{"level":"info","message":"Subscribed to event : new.post","service":"post management service","timestamp":"2025-03-16 13:40:26"}
{"level":"info","message":"Post search service is running on port 3003","service":"post management service","timestamp":"2025-03-16 13:40:26"}
{"level":"info","message":"Connected to MangooDB","service":"post management service","timestamp":"2025-03-16 13:40:27"}
{"level":"info","message":"Connected to rabbitmq","service":"post management service","timestamp":"2025-03-16 13:40:29"}
{"level":"info","message":"Subscribed to event : new.post","service":"post management service","timestamp":"2025-03-16 13:40:29"}
{"level":"info","message":"Post search service is running on port 3003","service":"post management service","timestamp":"2025-03-16 13:40:29"}
{"level":"info","message":"Connected to MangooDB","service":"post management service","timestamp":"2025-03-16 13:40:29"}
{"level":"info","message":"Connected to rabbitmq","service":"post management service","timestamp":"2025-03-16 13:40:59"}
{"level":"info","message":"Subscribed to event : new.post","service":"post management service","timestamp":"2025-03-16 13:40:59"}
{"level":"info","message":"Post search service is running on port 3003","service":"post management service","timestamp":"2025-03-16 13:40:59"}
{"level":"info","message":"Connected to MangooDB","service":"post management service","timestamp":"2025-03-16 13:41:00"}
{"level":"info","message":"Connected to rabbitmq","service":"post management service","timestamp":"2025-03-16 13:42:40"}
{"level":"info","message":"Subscribed to event : new.post","service":"post management service","timestamp":"2025-03-16 13:42:40"}
{"level":"info","message":"Post search service is running on port 3003","service":"post management service","timestamp":"2025-03-16 13:42:40"}
{"level":"info","message":"Connected to MangooDB","service":"post management service","timestamp":"2025-03-16 13:42:41"}
{"level":"info","message":"Connected to rabbitmq","service":"post management service","timestamp":"2025-03-16 13:42:48"}
{"level":"info","message":"Subscribed to event : new.post","service":"post management service","timestamp":"2025-03-16 13:42:48"}
{"level":"info","message":"Post search service is running on port 3003","service":"post management service","timestamp":"2025-03-16 13:42:48"}
{"level":"info","message":"Connected to MangooDB","service":"post management service","timestamp":"2025-03-16 13:42:49"}
{"level":"info","message":"Connected to rabbitmq","service":"post management service","timestamp":"2025-03-16 13:42:55"}
{"level":"info","message":"Subscribed to event : new.post","service":"post management service","timestamp":"2025-03-16 13:42:55"}
{"level":"info","message":"Post search service is running on port 3003","service":"post management service","timestamp":"2025-03-16 13:42:55"}
{"level":"info","message":"Connected to MangooDB","service":"post management service","timestamp":"2025-03-16 13:42:55"}
{"level":"info","message":"Connected to rabbitmq","service":"post management service","timestamp":"2025-03-16 13:44:37"}
{"level":"info","message":"Subscribed to event : new.post","service":"post management service","timestamp":"2025-03-16 13:44:37"}
{"level":"info","message":"Post search service is running on port 3003","service":"post management service","timestamp":"2025-03-16 13:44:37"}
{"level":"info","message":"Connected to MangooDB","service":"post management service","timestamp":"2025-03-16 13:44:38"}
{"level":"info","message":"Connected to rabbitmq","service":"post management service","timestamp":"2025-03-16 13:45:15"}
{"level":"info","message":"Subscribed to event : new.post","service":"post management service","timestamp":"2025-03-16 13:45:15"}
{"level":"info","message":"Post search service is running on port 3003","service":"post management service","timestamp":"2025-03-16 13:45:15"}
{"level":"info","message":"Connected to MangooDB","service":"post management service","timestamp":"2025-03-16 13:45:15"}
{"level":"info","message":"Connected to rabbitmq","service":"post management service","timestamp":"2025-03-16 13:45:19"}
{"level":"info","message":"Subscribed to event : new.post","service":"post management service","timestamp":"2025-03-16 13:45:19"}
{"level":"info","message":"Post search service is running on port 3003","service":"post management service","timestamp":"2025-03-16 13:45:19"}
{"level":"info","message":"Connected to MangooDB","service":"post management service","timestamp":"2025-03-16 13:45:20"}
{"level":"info","message":"Connected to rabbitmq","service":"post management service","timestamp":"2025-03-16 13:45:26"}
{"level":"info","message":"Subscribed to event : new.post","service":"post management service","timestamp":"2025-03-16 13:45:26"}
{"level":"info","message":"Post search service is running on port 3003","service":"post management service","timestamp":"2025-03-16 13:45:26"}
{"level":"info","message":"Connected to MangooDB","service":"post management service","timestamp":"2025-03-16 13:45:27"}
{"level":"info","message":"Post created after work endpoint hit..","service":"post management service","timestamp":"2025-03-16 13:45:38"}
{"level":"info","message":"Connected to rabbitmq","service":"post management service","timestamp":"2025-03-16 16:11:24"}
{"level":"error","message":"Mongo connection error Error: querySrv ECONNREFUSED _mongodb._tcp.cluster0.is5nucp.mongodb.net","service":"post management service","timestamp":"2025-03-16 16:11:24"}
{"level":"info","message":"Subscribed to event : new.post","service":"post management service","timestamp":"2025-03-16 16:11:24"}
{"level":"info","message":"Post search service is running on port 3003","service":"post management service","timestamp":"2025-03-16 16:11:24"}
{"level":"info","message":"Connected to rabbitmq","service":"post management service","timestamp":"2025-03-16 16:11:37"}
{"level":"error","message":"Mongo connection error Error: querySrv ECONNREFUSED _mongodb._tcp.cluster0.is5nucp.mongodb.net","service":"post management service","timestamp":"2025-03-16 16:11:37"}
{"level":"info","message":"Subscribed to event : new.post","service":"post management service","timestamp":"2025-03-16 16:11:37"}
{"level":"info","message":"Post search service is running on port 3003","service":"post management service","timestamp":"2025-03-16 16:11:37"}
{"level":"info","message":"Connected to rabbitmq","service":"post management service","timestamp":"2025-03-16 16:13:25"}
{"level":"info","message":"Subscribed to event : new.post","service":"post management service","timestamp":"2025-03-16 16:13:25"}
{"level":"info","message":"Post search service is running on port 3003","service":"post management service","timestamp":"2025-03-16 16:13:25"}
{"level":"info","message":"Connected to MangooDB","service":"post management service","timestamp":"2025-03-16 16:13:25"}
{"level":"info","message":"Connected to rabbitmq","service":"post management service","timestamp":"2025-03-16 16:13:48"}
{"level":"info","message":"Subscribed to event : new.post","service":"post management service","timestamp":"2025-03-16 16:13:48"}
{"level":"info","message":"Post search service is running on port 3003","service":"post management service","timestamp":"2025-03-16 16:13:48"}
{"level":"info","message":"Connected to MangooDB","service":"post management service","timestamp":"2025-03-16 16:13:48"}
{"level":"info","message":"Connected to rabbitmq","service":"post management service","timestamp":"2025-03-16 16:13:52"}
{"level":"info","message":"Subscribed to event : new.post","service":"post management service","timestamp":"2025-03-16 16:13:52"}
{"level":"info","message":"Post search service is running on port 3003","service":"post management service","timestamp":"2025-03-16 16:13:52"}
{"level":"info","message":"Connected to rabbitmq","service":"post management service","timestamp":"2025-03-16 16:13:53"}
{"level":"info","message":"Subscribed to event : new.post","service":"post management service","timestamp":"2025-03-16 16:13:53"}
{"level":"info","message":"Post search service is running on port 3003","service":"post management service","timestamp":"2025-03-16 16:13:53"}
{"level":"info","message":"Connected to rabbitmq","service":"post management service","timestamp":"2025-03-16 16:13:59"}
{"level":"info","message":"Subscribed to event : new.post","service":"post management service","timestamp":"2025-03-16 16:13:59"}
{"level":"info","message":"Post search service is running on port 3003","service":"post management service","timestamp":"2025-03-16 16:13:59"}
{"level":"info","message":"Connected to MangooDB","service":"post management service","timestamp":"2025-03-16 16:14:00"}
{"level":"info","message":"Connected to rabbitmq","service":"post management service","timestamp":"2025-03-16 16:14:03"}
{"level":"info","message":"Subscribed to event : new.post","service":"post management service","timestamp":"2025-03-16 16:14:03"}
{"level":"info","message":"Post search service is running on port 3003","service":"post management service","timestamp":"2025-03-16 16:14:03"}
{"level":"info","message":"Connected to MangooDB","service":"post management service","timestamp":"2025-03-16 16:14:04"}
{"level":"info","message":"Connected to rabbitmq","service":"post management service","timestamp":"2025-03-16 16:14:30"}
{"level":"info","message":"Subscribed to event : new.post","service":"post management service","timestamp":"2025-03-16 16:14:30"}
{"level":"info","message":"Post search service is running on port 3003","service":"post management service","timestamp":"2025-03-16 16:14:30"}
{"level":"info","message":"Connected to MangooDB","service":"post management service","timestamp":"2025-03-16 16:14:31"}
{"level":"info","message":"Connected to rabbitmq","service":"post management service","timestamp":"2025-03-16 16:14:41"}
{"level":"info","message":"Subscribed to event : new.post","service":"post management service","timestamp":"2025-03-16 16:14:41"}
{"level":"info","message":"Post search service is running on port 3003","service":"post management service","timestamp":"2025-03-16 16:14:41"}
{"level":"info","message":"Connected to MangooDB","service":"post management service","timestamp":"2025-03-16 16:14:42"}
{"level":"info","message":"Connected to rabbitmq","service":"post management service","timestamp":"2025-03-16 16:14:46"}
{"level":"info","message":"Subscribed to event : new.post","service":"post management service","timestamp":"2025-03-16 16:14:46"}
{"level":"info","message":"Post search service is running on port 3003","service":"post management service","timestamp":"2025-03-16 16:14:46"}
{"level":"info","message":"Connected to rabbitmq","service":"post management service","timestamp":"2025-03-16 16:14:48"}
{"level":"info","message":"Subscribed to event : new.post","service":"post management service","timestamp":"2025-03-16 16:14:48"}
{"level":"info","message":"Post search service is running on port 3003","service":"post management service","timestamp":"2025-03-16 16:14:48"}
{"level":"info","message":"Connected to MangooDB","service":"post management service","timestamp":"2025-03-16 16:14:49"}
{"level":"info","message":"Connected to rabbitmq","service":"post management service","timestamp":"2025-03-16 16:14:50"}
{"level":"info","message":"Subscribed to event : new.post","service":"post management service","timestamp":"2025-03-16 16:14:50"}
{"level":"info","message":"Post search service is running on port 3003","service":"post management service","timestamp":"2025-03-16 16:14:50"}
{"level":"info","message":"Connected to MangooDB","service":"post management service","timestamp":"2025-03-16 16:14:51"}
{"level":"info","message":"Connected to rabbitmq","service":"post management service","timestamp":"2025-03-16 16:14:56"}
{"level":"info","message":"Subscribed to event : new.post","service":"post management service","timestamp":"2025-03-16 16:14:56"}
{"level":"info","message":"Post search service is running on port 3003","service":"post management service","timestamp":"2025-03-16 16:14:56"}
{"level":"info","message":"Connected to rabbitmq","service":"post management service","timestamp":"2025-03-16 16:14:57"}
{"level":"info","message":"Subscribed to event : new.post","service":"post management service","timestamp":"2025-03-16 16:14:57"}
{"level":"info","message":"Post search service is running on port 3003","service":"post management service","timestamp":"2025-03-16 16:14:57"}
{"level":"info","message":"Connected to MangooDB","service":"post management service","timestamp":"2025-03-16 16:14:58"}
{"level":"info","message":"Connected to rabbitmq","service":"post management service","timestamp":"2025-03-16 16:15:00"}
{"level":"info","message":"Subscribed to event : new.post","service":"post management service","timestamp":"2025-03-16 16:15:00"}
{"level":"info","message":"Post search service is running on port 3003","service":"post management service","timestamp":"2025-03-16 16:15:00"}
{"level":"info","message":"Connected to MangooDB","service":"post management service","timestamp":"2025-03-16 16:15:01"}
{"level":"info","message":"Connected to rabbitmq","service":"post management service","timestamp":"2025-03-16 16:15:02"}
{"level":"info","message":"Subscribed to event : new.post","service":"post management service","timestamp":"2025-03-16 16:15:02"}
{"level":"info","message":"Post search service is running on port 3003","service":"post management service","timestamp":"2025-03-16 16:15:02"}
{"level":"info","message":"Connected to MangooDB","service":"post management service","timestamp":"2025-03-16 16:15:03"}
{"level":"info","message":"Post created after work endpoint hit..","service":"post management service","timestamp":"2025-03-16 16:15:37"}
{"level":"error","message":"Something went wrong while handle event Search validation failed: authorName: Path `authorName` is required.","service":"post management service","timestamp":"2025-03-16 16:15:37"}
{"level":"info","message":"Post created after work endpoint hit..","service":"post management service","timestamp":"2025-03-16 16:22:23"}
{"level":"info","message":"Connected to rabbitmq","service":"post management service","timestamp":"2025-03-16 19:29:44"}
{"level":"info","message":"Subscribed to event : new.post","service":"post management service","timestamp":"2025-03-16 19:29:44"}
{"level":"info","message":"Post search service is running on port 3003","service":"post management service","timestamp":"2025-03-16 19:29:44"}
{"level":"info","message":"Connected to MangooDB","service":"post management service","timestamp":"2025-03-16 19:29:45"}
{"level":"info","message":"Post created after work endpoint hit..","service":"post management service","timestamp":"2025-03-16 19:29:56"}
{"level":"info","message":"Connected to rabbitmq","service":"post management service","timestamp":"2025-03-16 20:42:51"}
{"level":"info","message":"Subscribed to event : new.post","service":"post management service","timestamp":"2025-03-16 20:42:51"}
{"level":"info","message":"Post search service is running on port 3003","service":"post management service","timestamp":"2025-03-16 20:42:51"}
{"level":"info","message":"Connected to MangooDB","service":"post management service","timestamp":"2025-03-16 20:42:52"}
{"level":"info","message":"Connected to rabbitmq","service":"post management service","timestamp":"2025-03-17 11:28:46"}
{"level":"info","message":"Subscribed to event : new.post","service":"post management service","timestamp":"2025-03-17 11:28:46"}
{"level":"info","message":"Post search service is running on port 3003","service":"post management service","timestamp":"2025-03-17 11:28:46"}
{"level":"info","message":"Connected to MangooDB","service":"post management service","timestamp":"2025-03-17 11:28:47"}
{"level":"info","message":"Connected to rabbitmq","service":"post management service","timestamp":"2025-03-17 11:38:37"}
{"level":"info","message":"Subscribed to event : new.post","service":"post management service","timestamp":"2025-03-17 11:38:37"}
{"level":"info","message":"Post search service is running on port 3003","service":"post management service","timestamp":"2025-03-17 11:38:37"}
{"level":"info","message":"Connected to MangooDB","service":"post management service","timestamp":"2025-03-17 11:38:37"}
{"level":"info","message":"Connected to rabbitmq","service":"post management service","timestamp":"2025-03-17 13:50:34"}
{"level":"info","message":"Subscribed to event : new.post","service":"post management service","timestamp":"2025-03-17 13:50:34"}
{"level":"info","message":"Post search service is running on port 3003","service":"post management service","timestamp":"2025-03-17 13:50:34"}
{"level":"info","message":"Connected to MangooDB","service":"post management service","timestamp":"2025-03-17 13:50:35"}
{"level":"info","message":"Connected to rabbitmq","service":"post management service","timestamp":"2025-04-02 13:32:51"}
{"level":"info","message":"Subscribed to event : new.post","service":"post management service","timestamp":"2025-04-02 13:32:51"}
{"level":"info","message":"Post search service is running on port 3003","service":"post management service","timestamp":"2025-04-02 13:32:51"}
{"level":"info","message":"Connected to MangooDB","service":"post management service","timestamp":"2025-04-02 13:32:57"}
{"level":"info","message":"Post created after work endpoint hit..","service":"post management service","timestamp":"2025-04-02 14:00:21"}
{"level":"info","message":"Post created after work endpoint hit..","service":"post management service","timestamp":"2025-04-02 14:50:32"}
{"level":"info","message":"Post created after work endpoint hit..","service":"post management service","timestamp":"2025-04-02 14:55:28"}
{"level":"info","message":"Post created after work endpoint hit..","service":"post management service","timestamp":"2025-04-02 15:02:56"}
{"level":"info","message":"Post created after work endpoint hit..","service":"post management service","timestamp":"2025-04-02 15:05:57"}
{"level":"info","message":"Post created after work endpoint hit..","service":"post management service","timestamp":"2025-04-02 15:08:22"}
{"level":"info","message":"Post created after work endpoint hit..","service":"post management service","timestamp":"2025-04-02 15:11:07"}
{"level":"info","message":"Connected to rabbitmq","service":"post management service","timestamp":"2025-04-02 15:41:39"}
{"level":"info","message":"Post search service is running on port 3003","service":"post management service","timestamp":"2025-04-02 15:41:39"}
{"level":"info","message":"Connected to MangooDB","service":"post management service","timestamp":"2025-04-02 15:41:40"}
{"level":"info","message":"Connected to rabbitmq","service":"post management service","timestamp":"2025-04-02 15:41:53"}
{"level":"info","message":"Subscribed to event : new.post","service":"post management service","timestamp":"2025-04-02 15:41:53"}
{"level":"info","message":"Post search service is running on port 3003","service":"post management service","timestamp":"2025-04-02 15:41:53"}
{"level":"info","message":"Connected to MangooDB","service":"post management service","timestamp":"2025-04-02 15:41:54"}
{"level":"info","message":"Post created after work endpoint hit..","service":"post management service","timestamp":"2025-04-02 16:02:41"}
{"level":"info","message":"Post created after work endpoint hit..","service":"post management service","timestamp":"2025-04-02 16:04:10"}
{"level":"info","message":"Connected to rabbitmq","service":"post management service","timestamp":"2025-04-02 17:33:44"}
{"level":"info","message":"Subscribed to event : new.post","service":"post management service","timestamp":"2025-04-02 17:33:44"}
{"level":"info","message":"Post search service is running on port 3003","service":"post management service","timestamp":"2025-04-02 17:33:44"}
{"level":"info","message":"Connected to MangooDB","service":"post management service","timestamp":"2025-04-02 17:33:44"}
{"level":"info","message":"Connected to rabbitmq","service":"post management service","timestamp":"2025-04-03 09:47:28"}
{"level":"info","message":"Subscribed to event : new.post","service":"post management service","timestamp":"2025-04-03 09:47:28"}
{"level":"info","message":"Post search service is running on port 3003","service":"post management service","timestamp":"2025-04-03 09:47:28"}
{"level":"info","message":"Connected to MangooDB","service":"post management service","timestamp":"2025-04-03 09:47:29"}
{"level":"info","message":"Post created after work endpoint hit..","service":"post management service","timestamp":"2025-04-03 09:51:00"}
{"level":"info","message":"Post created after work endpoint hit..","service":"post management service","timestamp":"2025-04-03 11:56:48"}
{"level":"info","message":"Connected to rabbitmq","service":"post management service","timestamp":"2025-04-03 13:02:19"}
{"level":"info","message":"Subscribed to event : new.post","service":"post management service","timestamp":"2025-04-03 13:02:19"}
{"level":"info","message":"Post search service is running on port 3003","service":"post management service","timestamp":"2025-04-03 13:02:19"}
{"level":"info","message":"Connected to MangooDB","service":"post management service","timestamp":"2025-04-03 13:02:19"}
{"level":"info","message":"Connected to rabbitmq","service":"post management service","timestamp":"2025-04-03 14:27:16"}
{"level":"info","message":"Subscribed to event : new.post","service":"post management service","timestamp":"2025-04-03 14:27:16"}
{"level":"info","message":"Post search service is running on port 3003","service":"post management service","timestamp":"2025-04-03 14:27:16"}
{"level":"info","message":"Connected to MangooDB","service":"post management service","timestamp":"2025-04-03 14:27:16"}
{"level":"info","message":"Connected to rabbitmq","service":"post management service","timestamp":"2025-04-03 17:57:43"}
{"level":"info","message":"Subscribed to event : new.post","service":"post management service","timestamp":"2025-04-03 17:57:43"}
{"level":"info","message":"Post search service is running on port 3003","service":"post management service","timestamp":"2025-04-03 17:57:43"}
{"level":"info","message":"Connected to MangooDB","service":"post management service","timestamp":"2025-04-03 17:57:44"}
{"level":"info","message":"Connected to rabbitmq","service":"post management service","timestamp":"2025-04-04 10:22:25"}
{"level":"info","message":"Subscribed to event : new.post","service":"post management service","timestamp":"2025-04-04 10:22:25"}
{"level":"info","message":"Post search service is running on port 3003","service":"post management service","timestamp":"2025-04-04 10:22:25"}
{"level":"info","message":"Connected to MangooDB","service":"post management service","timestamp":"2025-04-04 10:22:26"}
{"level":"info","message":"Connected to rabbitmq","service":"post management service","timestamp":"2025-04-04 13:18:33"}
{"level":"info","message":"Subscribed to event : new.post","service":"post management service","timestamp":"2025-04-04 13:18:33"}
{"level":"info","message":"Post search service is running on port 3003","service":"post management service","timestamp":"2025-04-04 13:18:33"}
{"level":"info","message":"Connected to MangooDB","service":"post management service","timestamp":"2025-04-04 13:18:34"}
{"level":"info","message":"Connected to rabbitmq","service":"post management service","timestamp":"2025-04-04 15:41:18"}
{"level":"info","message":"Subscribed to event : new.post","service":"post management service","timestamp":"2025-04-04 15:41:18"}
{"level":"info","message":"Post search service is running on port 3003","service":"post management service","timestamp":"2025-04-04 15:41:18"}
{"level":"info","message":"Connected to MangooDB","service":"post management service","timestamp":"2025-04-04 15:41:19"}
{"level":"info","message":"Post created after work endpoint hit..","service":"post management service","timestamp":"2025-04-04 15:43:08"}
{"level":"info","message":"Connected to rabbitmq","service":"post management service","timestamp":"2025-04-04 18:19:29"}
{"level":"info","message":"Subscribed to event : new.post","service":"post management service","timestamp":"2025-04-04 18:19:29"}
{"level":"info","message":"Post search service is running on port 3003","service":"post management service","timestamp":"2025-04-04 18:19:29"}
{"level":"info","message":"Connected to MangooDB","service":"post management service","timestamp":"2025-04-04 18:19:31"}
{"level":"info","message":"Connected to rabbitmq","service":"post management service","timestamp":"2025-04-04 20:28:36"}
{"level":"info","message":"Subscribed to event : new.post","service":"post management service","timestamp":"2025-04-04 20:28:36"}
{"level":"info","message":"Post search service is running on port 3003","service":"post management service","timestamp":"2025-04-04 20:28:36"}
{"level":"info","message":"Connected to MangooDB","service":"post management service","timestamp":"2025-04-04 20:28:38"}
{"level":"info","message":"Connected to rabbitmq","service":"post management service","timestamp":"2025-04-05 09:55:50"}
{"level":"info","message":"Subscribed to event : new.post","service":"post management service","timestamp":"2025-04-05 09:55:50"}
{"level":"info","message":"Post search service is running on port 3003","service":"post management service","timestamp":"2025-04-05 09:55:50"}
{"level":"info","message":"Connected to MangooDB","service":"post management service","timestamp":"2025-04-05 09:55:50"}
{"level":"info","message":"Connected to rabbitmq","service":"post management service","timestamp":"2025-04-05 13:20:15"}
{"level":"info","message":"Subscribed to event : new.post","service":"post management service","timestamp":"2025-04-05 13:20:15"}
{"level":"info","message":"Post search service is running on port 3003","service":"post management service","timestamp":"2025-04-05 13:20:15"}
{"level":"info","message":"Connected to MangooDB","service":"post management service","timestamp":"2025-04-05 13:20:16"}
{"level":"info","message":"Connected to rabbitmq","service":"post management service","timestamp":"2025-04-05 16:08:18"}
{"level":"info","message":"Subscribed to event : new.post","service":"post management service","timestamp":"2025-04-05 16:08:18"}
{"level":"info","message":"Post search service is running on port 3003","service":"post management service","timestamp":"2025-04-05 16:08:18"}
{"level":"info","message":"Connected to MangooDB","service":"post management service","timestamp":"2025-04-05 16:08:19"}
{"level":"info","message":"Connected to rabbitmq","service":"post management service","timestamp":"2025-04-05 18:23:05"}
{"level":"info","message":"Subscribed to event : new.post","service":"post management service","timestamp":"2025-04-05 18:23:05"}
{"level":"info","message":"Post search service is running on port 3003","service":"post management service","timestamp":"2025-04-05 18:23:05"}
{"level":"info","message":"Connected to MangooDB","service":"post management service","timestamp":"2025-04-05 18:23:06"}
{"level":"info","message":"Connected to rabbitmq","service":"post management service","timestamp":"2025-04-05 20:56:16"}
{"level":"info","message":"Subscribed to event : new.post","service":"post management service","timestamp":"2025-04-05 20:56:16"}
{"level":"info","message":"Post search service is running on port 3003","service":"post management service","timestamp":"2025-04-05 20:56:16"}
{"level":"info","message":"Connected to MangooDB","service":"post management service","timestamp":"2025-04-05 20:56:17"}
{"level":"info","message":"Connected to rabbitmq","service":"post management service","timestamp":"2025-04-06 10:38:43"}
{"level":"info","message":"Subscribed to event : new.post","service":"post management service","timestamp":"2025-04-06 10:38:43"}
{"level":"info","message":"Post search service is running on port 3003","service":"post management service","timestamp":"2025-04-06 10:38:43"}
{"level":"info","message":"Connected to MangooDB","service":"post management service","timestamp":"2025-04-06 10:38:44"}
{"level":"info","message":"Connected to rabbitmq","service":"post management service","timestamp":"2025-04-07 09:56:49"}
{"level":"info","message":"Subscribed to event : new.post","service":"post management service","timestamp":"2025-04-07 09:56:49"}
{"level":"info","message":"Post search service is running on port 3003","service":"post management service","timestamp":"2025-04-07 09:56:49"}
{"level":"info","message":"Connected to MangooDB","service":"post management service","timestamp":"2025-04-07 09:56:50"}
{"level":"info","message":"Connected to rabbitmq","service":"post management service","timestamp":"2025-04-07 12:56:24"}
{"level":"info","message":"Subscribed to event : new.post","service":"post management service","timestamp":"2025-04-07 12:56:24"}
{"level":"info","message":"Post search service is running on port 3003","service":"post management service","timestamp":"2025-04-07 12:56:24"}
{"level":"info","message":"Connected to MangooDB","service":"post management service","timestamp":"2025-04-07 12:56:25"}
{"level":"info","message":"Connected to rabbitmq","service":"post management service","timestamp":"2025-04-07 13:11:08"}
{"level":"info","message":"Subscribed to event : new.post","service":"post management service","timestamp":"2025-04-07 13:11:08"}
{"level":"info","message":"Post search service is running on port 3003","service":"post management service","timestamp":"2025-04-07 13:11:08"}
{"level":"info","message":"Connected to MangooDB","service":"post management service","timestamp":"2025-04-07 13:11:09"}
{"level":"info","message":"Connected to rabbitmq","service":"post management service","timestamp":"2025-04-07 13:23:01"}
{"level":"info","message":"Subscribed to event : new.post","service":"post management service","timestamp":"2025-04-07 13:23:01"}
{"level":"info","message":"Post search service is running on port 3003","service":"post management service","timestamp":"2025-04-07 13:23:01"}
{"level":"info","message":"Connected to MangooDB","service":"post management service","timestamp":"2025-04-07 13:23:02"}
{"level":"info","message":"Connected to rabbitmq","service":"post management service","timestamp":"2025-04-07 14:37:19"}
{"level":"info","message":"Subscribed to event : new.post","service":"post management service","timestamp":"2025-04-07 14:37:19"}
{"level":"info","message":"Post search service is running on port 3003","service":"post management service","timestamp":"2025-04-07 14:37:19"}
{"level":"info","message":"Connected to MangooDB","service":"post management service","timestamp":"2025-04-07 14:37:20"}
{"level":"info","message":"Connected to rabbitmq","service":"post management service","timestamp":"2025-04-07 16:12:43"}
{"level":"info","message":"Subscribed to event : new.post","service":"post management service","timestamp":"2025-04-07 16:12:43"}
{"level":"info","message":"Post search service is running on port 3003","service":"post management service","timestamp":"2025-04-07 16:12:43"}
{"level":"info","message":"Connected to MangooDB","service":"post management service","timestamp":"2025-04-07 16:12:44"}
{"level":"info","message":"Connected to rabbitmq","service":"post management service","timestamp":"2025-04-07 20:27:41"}
{"level":"info","message":"Subscribed to event : new.post","service":"post management service","timestamp":"2025-04-07 20:27:41"}
{"level":"info","message":"Post search service is running on port 3003","service":"post management service","timestamp":"2025-04-07 20:27:41"}
{"level":"info","message":"Connected to MangooDB","service":"post management service","timestamp":"2025-04-07 20:27:42"}
{"level":"info","message":"Connected to rabbitmq","service":"post management service","timestamp":"2025-04-08 10:22:26"}
{"level":"info","message":"Subscribed to event : new.post","service":"post management service","timestamp":"2025-04-08 10:22:26"}
{"level":"info","message":"Post search service is running on port 3003","service":"post management service","timestamp":"2025-04-08 10:22:26"}
{"level":"info","message":"Connected to MangooDB","service":"post management service","timestamp":"2025-04-08 10:22:27"}
{"level":"info","message":"Connected to rabbitmq","service":"post management service","timestamp":"2025-04-08 14:18:22"}
{"level":"info","message":"Subscribed to event : new.post","service":"post management service","timestamp":"2025-04-08 14:18:22"}
{"level":"info","message":"Post search service is running on port 3003","service":"post management service","timestamp":"2025-04-08 14:18:22"}
{"level":"info","message":"Connected to MangooDB","service":"post management service","timestamp":"2025-04-08 14:18:24"}
{"level":"info","message":"Connected to rabbitmq","service":"post management service","timestamp":"2025-04-08 18:33:34"}
{"level":"info","message":"Subscribed to event : new.post","service":"post management service","timestamp":"2025-04-08 18:33:34"}
{"level":"info","message":"Post search service is running on port 3003","service":"post management service","timestamp":"2025-04-08 18:33:34"}
{"level":"info","message":"Connected to MangooDB","service":"post management service","timestamp":"2025-04-08 18:33:35"}
{"level":"info","message":"Post created after work endpoint hit..","service":"post management service","timestamp":"2025-04-08 18:39:17"}
{"level":"info","message":"Post created after work endpoint hit..","service":"post management service","timestamp":"2025-04-08 18:40:22"}
{"level":"info","message":"Post created after work endpoint hit..","service":"post management service","timestamp":"2025-04-08 18:41:20"}
{"level":"info","message":"Post created after work endpoint hit..","service":"post management service","timestamp":"2025-04-08 19:39:19"}
{"level":"info","message":"Connected to rabbitmq","service":"post management service","timestamp":"2025-04-08 20:29:51"}
{"level":"info","message":"Subscribed to event : new.post","service":"post management service","timestamp":"2025-04-08 20:29:51"}
{"level":"info","message":"Post search service is running on port 3003","service":"post management service","timestamp":"2025-04-08 20:29:51"}
{"level":"info","message":"Connected to MangooDB","service":"post management service","timestamp":"2025-04-08 20:29:52"}
{"level":"info","message":"Post created after work endpoint hit..","service":"post management service","timestamp":"2025-04-08 20:30:51"}
{"level":"info","message":"Post created after work endpoint hit..","service":"post management service","timestamp":"2025-04-08 20:38:46"}
{"level":"info","message":"Post created after work endpoint hit..","service":"post management service","timestamp":"2025-04-08 20:45:37"}
{"level":"info","message":"Post created after work endpoint hit..","service":"post management service","timestamp":"2025-04-08 20:50:40"}
{"level":"info","message":"Connected to rabbitmq","service":"post management service","timestamp":"2025-04-09 10:10:25"}
{"level":"info","message":"Subscribed to event : new.post","service":"post management service","timestamp":"2025-04-09 10:10:25"}
{"level":"info","message":"Post search service is running on port 3003","service":"post management service","timestamp":"2025-04-09 10:10:25"}
{"level":"info","message":"Connected to MangooDB","service":"post management service","timestamp":"2025-04-09 10:10:26"}
